Build started 04/10/2015 03:12:37 p. m..
     1>Project "C:\Users\shiro_saber\Documents\TEC\Analisis_Dise-o_Algoritmos\Tarea_3\E2_DivisionParrafos\E2_DivisionParrafos\E2_DivisionParrafos.vcxproj" on node 2 (Build target(s)).
     1>ClCompile:
         C:\Program Files (x86)\Microsoft Visual Studio 14.0\VC\bin\CL.exe /c /ZI /nologo /W3 /WX- /sdl /Od /Oy- /D _MBCS /Gm /EHsc /RTC1 /MDd /GS /fp:precise /Zc:wchar_t /Zc:forScope /Zc:inline /Fo"Debug\\" /Fd"Debug\vc140.pdb" /Gd /TP /analyze- /errorReport:prompt main.cpp
         main.cpp
     1>c:\users\shiro_saber\documents\tec\analisis_dise-o_algoritmos\tarea_3\e2_divisionparrafos\e2_divisionparrafos\main.cpp(17): error C2039: 'istream_iterator': is not a member of 'std'
         c:\program files (x86)\microsoft visual studio 14.0\vc\include\list(15): note: see declaration of 'std'
     1>c:\users\shiro_saber\documents\tec\analisis_dise-o_algoritmos\tarea_3\e2_divisionparrafos\e2_divisionparrafos\main.cpp(17): error C2065: 'istream_iterator': undeclared identifier
     1>c:\users\shiro_saber\documents\tec\analisis_dise-o_algoritmos\tarea_3\e2_divisionparrafos\e2_divisionparrafos\main.cpp(17): error C2275: 'std::string': illegal use of this type as an expression
         c:\users\shiro_saber\documents\tec\analisis_dise-o_algoritmos\tarea_3\e2_divisionparrafos\e2_divisionparrafos\main.cpp(17): note: see declaration of 'std::string'
     1>c:\users\shiro_saber\documents\tec\analisis_dise-o_algoritmos\tarea_3\e2_divisionparrafos\e2_divisionparrafos\main.cpp(18): error C2039: 'istream_iterator': is not a member of 'std'
         c:\program files (x86)\microsoft visual studio 14.0\vc\include\list(15): note: see declaration of 'std'
     1>c:\users\shiro_saber\documents\tec\analisis_dise-o_algoritmos\tarea_3\e2_divisionparrafos\e2_divisionparrafos\main.cpp(18): error C2065: 'istream_iterator': undeclared identifier
     1>c:\users\shiro_saber\documents\tec\analisis_dise-o_algoritmos\tarea_3\e2_divisionparrafos\e2_divisionparrafos\main.cpp(18): error C2275: 'std::string': illegal use of this type as an expression
         c:\users\shiro_saber\documents\tec\analisis_dise-o_algoritmos\tarea_3\e2_divisionparrafos\e2_divisionparrafos\main.cpp(18): note: see declaration of 'std::string'
     1>c:\users\shiro_saber\documents\tec\analisis_dise-o_algoritmos\tarea_3\e2_divisionparrafos\e2_divisionparrafos\main.cpp(18): error C2059: syntax error: ')'
     1>c:\users\shiro_saber\documents\tec\analisis_dise-o_algoritmos\tarea_3\e2_divisionparrafos\e2_divisionparrafos\main.cpp(19): error C2039: 'back_inserter': is not a member of 'std'
         c:\program files (x86)\microsoft visual studio 14.0\vc\include\list(15): note: see declaration of 'std'
     1>Done Building Project "C:\Users\shiro_saber\Documents\TEC\Analisis_Dise-o_Algoritmos\Tarea_3\E2_DivisionParrafos\E2_DivisionParrafos\E2_DivisionParrafos.vcxproj" (Build target(s)) -- FAILED.

Build FAILED.

Time Elapsed 00:00:02.85
